This file contains any messages produced by compilers while
running configure, to aid debugging if configure makes a mistake.

It was created by libhybris configure 0.1.0, which was
generated by GNU Autoconf 2.69.  Invocation command line was

  $ ./configure --build=armv7l-unknown-linux-gnueabi --host=armv7l-unknown-linux-gnueabi --target=armv7hl-meego-linux-gnueabi --program-prefix= --prefix=/usr --exec-prefix=/usr --bindir=/usr/bin --sbindir=/usr/sbin --sysconfdir=/etc --datadir=/usr/share --includedir=/usr/include --libdir=/usr/lib --libexecdir=/usr/libexec --localstatedir=/var --sharedstatedir=/var/lib --mandir=/usr/share/man --infodir=/usr/share/info --enable-wayland --enable-debug --enable-trace --with-android-headers=/usr/lib/droid-devel/droid-headers --enable-experimental --enable-mali-quirks --enable-adreno-quirks --enable-initialize-bionic --with-mode=arm --enable-arch=arm --with-default-hybris-ld-library-path=/usr/libexec/droid-hybris/system/lib:/vendor/lib:/system/lib:/odm/lib --enable-property-cache

## --------- ##
## Platform. ##
## --------- ##

hostname = aosp.ro.lt
uname -m = armv7l
uname -r = 4.13.0-37-generic
uname -s = Linux
uname -v = #42~16.04.1-Ubuntu SMP Wed Mar 7 16:03:28 UTC 2018

/usr/bin/uname -p = unknown
/bin/uname -X     = unknown

/bin/arch              = unknown
/usr/bin/arch -k       = unknown
/usr/convex/getsysinfo = unknown
/usr/bin/hostinfo      = unknown
/bin/machine           = unknown
/usr/bin/oslevel       = unknown
/bin/universe          = unknown

PATH: /sb2/wrappers
PATH: /sb2/scripts
PATH: /home/sf/.scratchbox2/moto-shamu-armv7hl/bin
PATH: /usr/bin
PATH: /home/sf/bin
PATH: /home/sf/.local/bin
PATH: /home/sf/bin
PATH: /home/sf/.local/bin
PATH: /usr/local/bin
PATH: /bin
PATH: /usr/bin
PATH: /usr/local/sbin
PATH: /usr/sbin
PATH: /sbin
PATH: /usr/sbin
PATH: /srv/mer/targets/moto-shamu-armv7hl/bin
PATH: /srv/mer/targets/moto-shamu-armv7hl/usr/bin
PATH: /srv/mer/targets/moto-shamu-armv7hl/usr/local/bin


## ----------- ##
## Core tests. ##
## ----------- ##

configure:2517: checking for a BSD-compatible install
configure:2585: result: /usr/bin/install -c
configure:2596: checking whether build environment is sane
configure:2651: result: yes
configure:2802: checking for a thread-safe mkdir -p
configure:2841: result: /bin/mkdir -p
configure:2848: checking for gawk
configure:2864: found /usr/bin/gawk
configure:2875: result: gawk
configure:2886: checking whether make sets $(MAKE)
configure:2908: result: yes
configure:2937: checking whether make supports nested variables
configure:2954: result: yes
configure:3091: checking whether make supports nested variables
configure:3108: result: yes
configure:3137: checking for armv7l-unknown-linux-gnueabi-gcc
configure:3167: result: no
configure:3177: checking for gcc
configure:3193: found /usr/bin/gcc
configure:3204: result: gcc
configure:3433: checking for C compiler version
configure:3442: gcc --version >&5
armv7hl-meego-linux-gnueabi-gcc (Linaro GCC 4.8-2014.04) 4.8.3 20140401 (Mer 4.8.3-1)
Copyright (C) 2013 Free Software Foundation, Inc.
This is free software; see the source for copying conditions.  There is NO
warranty; not even for MERCHANTABILITY or FITNESS FOR A PARTICULAR PURPOSE.

configure:3453: $? = 0
configure:3442: gcc -v >&5
Using built-in specs.
COLLECT_GCC=/srv/mer/toolings/SailfishOS-latest/opt/cross/bin/armv7hl-meego-linux-gnueabi-gcc
COLLECT_LTO_WRAPPER=/srv/mer/toolings/SailfishOS-latest/opt/cross/bin/../libexec/gcc/armv7hl-meego-linux-gnueabi/4.8.3/lto-wrapper
Target: armv7hl-meego-linux-gnueabi
Configured with: ../configure --prefix=/opt/cross --mandir=/opt/cross/share/man --infodir=/opt/cross/share/info --disable-bootstrap --with-bugurl=http://bugs.merproject.org/ --build=i486-meego-linux --with-isl=/home/abuild/rpmbuild/BUILD/gcc-linaro-4.8-2014.04/obj-i486-meego-linux/isl-install --with-cloog=/home/abuild/rpmbuild/BUILD/gcc-linaro-4.8-2014.04/obj-i486-meego-linux/cloog-install --host=i486-meego-linux --target=armv7hl-meego-linux-gnueabi --with-sysroot=/opt/cross/armv7hl-meego-linux-gnueabi/sys-root --disable-multilib --disable-multilib --enable-checking=release --disable-fixed-point --with-system-zlib --enable-__cxa_atexit --disable-libunwind-exceptions --enable-gnu-unique-object --enable-lto --enable-linker-build-id --enable-languages=c,c++,objc,obj-c++ --enable-threads=posix --enable-shared --disable-libgcj --with-float=hard --with-fpu=neon --with-arch=armv7-a --with-mode=thumb --build=i486-meego-linux
Thread model: posix
gcc version 4.8.3 20140401 (Mer 4.8.3-1) (Linaro GCC 4.8-2014.04) 
configure:3453: $? = 0
configure:3442: gcc -V >&5
armv7hl-meego-linux-gnueabi-gcc: error: unrecognized command line option '-V'
armv7hl-meego-linux-gnueabi-gcc: fatal error: no input files
compilation terminated.
configure:3453: $? = 1
configure:3442: gcc -qversion >&5
armv7hl-meego-linux-gnueabi-gcc: error: unrecognized command line option '-qversion'
armv7hl-meego-linux-gnueabi-gcc: fatal error: no input files
compilation terminated.
configure:3453: $? = 1
configure:3473: checking whether the C compiler works
configure:3495: gcc -O2 -g -pipe -Wall -Wp,-D_FORTIFY_SOURCE=2 -fexceptions -fstack-protector --param=ssp-buffer-size=4 -Wformat -Wformat-security -fmessage-length=0 -march=armv7-a -mfloat-abi=hard -mfpu=neon -mthumb -Wno-psabi   conftest.c  >&5
configure:3499: $? = 0
configure:3547: result: yes
configure:3550: checking for C compiler default output file name
configure:3552: result: a.out
configure:3558: checking for suffix of executables
configure:3565: gcc -o conftest -O2 -g -pipe -Wall -Wp,-D_FORTIFY_SOURCE=2 -fexceptions -fstack-protector --param=ssp-buffer-size=4 -Wformat -Wformat-security -fmessage-length=0 -march=armv7-a -mfloat-abi=hard -mfpu=neon -mthumb -Wno-psabi   conftest.c  >&5
configure:3569: $? = 0
configure:3591: result: 
configure:3613: checking whether we are cross compiling
configure:3621: gcc -o conftest -O2 -g -pipe -Wall -Wp,-D_FORTIFY_SOURCE=2 -fexceptions -fstack-protector --param=ssp-buffer-size=4 -Wformat -Wformat-security -fmessage-length=0 -march=armv7-a -mfloat-abi=hard -mfpu=neon -mthumb -Wno-psabi   conftest.c  >&5
configure:3625: $? = 0
configure:3632: ./conftest
configure:3636: $? = 0
configure:3651: result: no
configure:3656: checking for suffix of object files
configure:3678: gcc -c -O2 -g -pipe -Wall -Wp,-D_FORTIFY_SOURCE=2 -fexceptions -fstack-protector --param=ssp-buffer-size=4 -Wformat -Wformat-security -fmessage-length=0 -march=armv7-a -mfloat-abi=hard -mfpu=neon -mthumb -Wno-psabi  conftest.c >&5
configure:3682: $? = 0
configure:3703: result: o
configure:3707: checking whether we are using the GNU C compiler
configure:3726: gcc -c -O2 -g -pipe -Wall -Wp,-D_FORTIFY_SOURCE=2 -fexceptions -fstack-protector --param=ssp-buffer-size=4 -Wformat -Wformat-security -fmessage-length=0 -march=armv7-a -mfloat-abi=hard -mfpu=neon -mthumb -Wno-psabi  conftest.c >&5
configure:3726: $? = 0
configure:3735: result: yes
configure:3744: checking whether gcc accepts -g
configure:3764: gcc -c -g  conftest.c >&5
configure:3764: $? = 0
configure:3805: result: yes
configure:3822: checking for gcc option to accept ISO C89
configure:3885: gcc  -c -O2 -g -pipe -Wall -Wp,-D_FORTIFY_SOURCE=2 -fexceptions -fstack-protector --param=ssp-buffer-size=4 -Wformat -Wformat-security -fmessage-length=0 -march=armv7-a -mfloat-abi=hard -mfpu=neon -mthumb -Wno-psabi  conftest.c >&5
configure:3885: $? = 0
configure:3898: result: none needed
configure:3923: checking whether gcc understands -c and -o together
configure:3945: gcc -c conftest.c -o conftest2.o
configure:3948: $? = 0
configure:3945: gcc -c conftest.c -o conftest2.o
configure:3948: $? = 0
configure:3960: result: yes
configure:3988: checking for style of include used by make
configure:4016: result: GNU
configure:4042: checking dependency style of gcc
configure:4153: result: gcc3
configure:4182: checking for armv7l-unknown-linux-gnueabi-g++
configure:4212: result: no
configure:4182: checking for armv7l-unknown-linux-gnueabi-c++
configure:4212: result: no
configure:4182: checking for armv7l-unknown-linux-gnueabi-gpp
configure:4212: result: no
configure:4182: checking for armv7l-unknown-linux-gnueabi-aCC
configure:4212: result: no
configure:4182: checking for armv7l-unknown-linux-gnueabi-CC
configure:4212: result: no
configure:4182: checking for armv7l-unknown-linux-gnueabi-cxx
configure:4212: result: no
configure:4182: checking for armv7l-unknown-linux-gnueabi-cc++
configure:4212: result: no
configure:4182: checking for armv7l-unknown-linux-gnueabi-cl.exe
configure:4212: result: no
configure:4182: checking for armv7l-unknown-linux-gnueabi-FCC
configure:4212: result: no
configure:4182: checking for armv7l-unknown-linux-gnueabi-KCC
configure:4212: result: no
configure:4182: checking for armv7l-unknown-linux-gnueabi-RCC
configure:4212: result: no
configure:4182: checking for armv7l-unknown-linux-gnueabi-xlC_r
configure:4212: result: no
configure:4182: checking for armv7l-unknown-linux-gnueabi-xlC
configure:4212: result: no
configure:4226: checking for g++
configure:4242: found /usr/bin/g++
configure:4253: result: g++
configure:4280: checking for C++ compiler version
configure:4289: g++ --version >&5
armv7hl-meego-linux-gnueabi-g++ (Linaro GCC 4.8-2014.04) 4.8.3 20140401 (Mer 4.8.3-1)
Copyright (C) 2013 Free Software Foundation, Inc.
This is free software; see the source for copying conditions.  There is NO
warranty; not even for MERCHANTABILITY or FITNESS FOR A PARTICULAR PURPOSE.

configure:4300: $? = 0
configure:4289: g++ -v >&5
Using built-in specs.
COLLECT_GCC=/srv/mer/toolings/SailfishOS-latest/opt/cross/bin/armv7hl-meego-linux-gnueabi-g++
COLLECT_LTO_WRAPPER=/srv/mer/toolings/SailfishOS-latest/opt/cross/bin/../libexec/gcc/armv7hl-meego-linux-gnueabi/4.8.3/lto-wrapper
Target: armv7hl-meego-linux-gnueabi
Configured with: ../configure --prefix=/opt/cross --mandir=/opt/cross/share/man --infodir=/opt/cross/share/info --disable-bootstrap --with-bugurl=http://bugs.merproject.org/ --build=i486-meego-linux --with-isl=/home/abuild/rpmbuild/BUILD/gcc-linaro-4.8-2014.04/obj-i486-meego-linux/isl-install --with-cloog=/home/abuild/rpmbuild/BUILD/gcc-linaro-4.8-2014.04/obj-i486-meego-linux/cloog-install --host=i486-meego-linux --target=armv7hl-meego-linux-gnueabi --with-sysroot=/opt/cross/armv7hl-meego-linux-gnueabi/sys-root --disable-multilib --disable-multilib --enable-checking=release --disable-fixed-point --with-system-zlib --enable-__cxa_atexit --disable-libunwind-exceptions --enable-gnu-unique-object --enable-lto --enable-linker-build-id --enable-languages=c,c++,objc,obj-c++ --enable-threads=posix --enable-shared --disable-libgcj --with-float=hard --with-fpu=neon --with-arch=armv7-a --with-mode=thumb --build=i486-meego-linux
Thread model: posix
gcc version 4.8.3 20140401 (Mer 4.8.3-1) (Linaro GCC 4.8-2014.04) 
configure:4300: $? = 0
configure:4289: g++ -V >&5
armv7hl-meego-linux-gnueabi-g++: error: unrecognized command line option '-V'
armv7hl-meego-linux-gnueabi-g++: fatal error: no input files
compilation terminated.
configure:4300: $? = 1
configure:4289: g++ -qversion >&5
armv7hl-meego-linux-gnueabi-g++: error: unrecognized command line option '-qversion'
armv7hl-meego-linux-gnueabi-g++: fatal error: no input files
compilation terminated.
configure:4300: $? = 1
configure:4304: checking whether we are using the GNU C++ compiler
configure:4323: g++ -c -O2 -g -pipe -Wall -Wp,-D_FORTIFY_SOURCE=2 -fexceptions -fstack-protector --param=ssp-buffer-size=4 -Wformat -Wformat-security -fmessage-length=0 -march=armv7-a -mfloat-abi=hard -mfpu=neon -mthumb -Wno-psabi  conftest.cpp >&5
configure:4323: $? = 0
configure:4332: result: yes
configure:4341: checking whether g++ accepts -g
configure:4361: g++ -c -g  conftest.cpp >&5
configure:4361: $? = 0
configure:4402: result: yes
configure:4427: checking dependency style of g++
configure:4538: result: gcc3
configure:4560: checking how to run the C preprocessor
configure:4591: gcc -E  conftest.c
configure:4591: $? = 0
configure:4605: gcc -E  conftest.c
conftest.c:11:28: fatal error: ac_nonexistent.h: No such file or directory
 #include <ac_nonexistent.h>
                            ^
compilation terminated.
configure:4605: $? = 1
configure: failed program was:
| /* confdefs.h */
| #define PACKAGE_NAME "libhybris"
| #define PACKAGE_TARNAME "libhybris"
| #define PACKAGE_VERSION "0.1.0"
| #define PACKAGE_STRING "libhybris 0.1.0"
| #define PACKAGE_BUGREPORT ""
| #define PACKAGE_URL ""
| #define PACKAGE "libhybris"
| #define VERSION "0.1.0"
| /* end confdefs.h.  */
| #include <ac_nonexistent.h>
configure:4630: result: gcc -E
configure:4650: gcc -E  conftest.c
configure:4650: $? = 0
configure:4664: gcc -E  conftest.c
conftest.c:11:28: fatal error: ac_nonexistent.h: No such file or directory
 #include <ac_nonexistent.h>
                            ^
compilation terminated.
configure:4664: $? = 1
configure: failed program was:
| /* confdefs.h */
| #define PACKAGE_NAME "libhybris"
| #define PACKAGE_TARNAME "libhybris"
| #define PACKAGE_VERSION "0.1.0"
| #define PACKAGE_STRING "libhybris 0.1.0"
| #define PACKAGE_BUGREPORT ""
| #define PACKAGE_URL ""
| #define PACKAGE "libhybris"
| #define VERSION "0.1.0"
| /* end confdefs.h.  */
| #include <ac_nonexistent.h>
configure:4693: checking for grep that handles long lines and -e
configure:4751: result: /bin/grep
configure:4756: checking for egrep
configure:4818: result: /bin/grep -E
configure:4823: checking for ANSI C header files
configure:4843: gcc -c -O2 -g -pipe -Wall -Wp,-D_FORTIFY_SOURCE=2 -fexceptions -fstack-protector --param=ssp-buffer-size=4 -Wformat -Wformat-security -fmessage-length=0 -march=armv7-a -mfloat-abi=hard -mfpu=neon -mthumb -Wno-psabi  conftest.c >&5
configure:4843: $? = 0
configure:4916: gcc -o conftest -O2 -g -pipe -Wall -Wp,-D_FORTIFY_SOURCE=2 -fexceptions -fstack-protector --param=ssp-buffer-size=4 -Wformat -Wformat-security -fmessage-length=0 -march=armv7-a -mfloat-abi=hard -mfpu=neon -mthumb -Wno-psabi   conftest.c  >&5
configure:4916: $? = 0
configure:4916: ./conftest
configure:4916: $? = 0
configure:4927: result: yes
configure:4940: checking for sys/types.h
configure:4940: gcc -c -O2 -g -pipe -Wall -Wp,-D_FORTIFY_SOURCE=2 -fexceptions -fstack-protector --param=ssp-buffer-size=4 -Wformat -Wformat-security -fmessage-length=0 -march=armv7-a -mfloat-abi=hard -mfpu=neon -mthumb -Wno-psabi  conftest.c >&5
configure:4940: $? = 0
configure:4940: result: yes
configure:4940: checking for sys/stat.h
configure:4940: gcc -c -O2 -g -pipe -Wall -Wp,-D_FORTIFY_SOURCE=2 -fexceptions -fstack-protector --param=ssp-buffer-size=4 -Wformat -Wformat-security -fmessage-length=0 -march=armv7-a -mfloat-abi=hard -mfpu=neon -mthumb -Wno-psabi  conftest.c >&5
configure:4940: $? = 0
configure:4940: result: yes
configure:4940: checking for stdlib.h
configure:4940: gcc -c -O2 -g -pipe -Wall -Wp,-D_FORTIFY_SOURCE=2 -fexceptions -fstack-protector --param=ssp-buffer-size=4 -Wformat -Wformat-security -fmessage-length=0 -march=armv7-a -mfloat-abi=hard -mfpu=neon -mthumb -Wno-psabi  conftest.c >&5
configure:4940: $? = 0
configure:4940: result: yes
configure:4940: checking for string.h
configure:4940: gcc -c -O2 -g -pipe -Wall -Wp,-D_FORTIFY_SOURCE=2 -fexceptions -fstack-protector --param=ssp-buffer-size=4 -Wformat -Wformat-security -fmessage-length=0 -march=armv7-a -mfloat-abi=hard -mfpu=neon -mthumb -Wno-psabi  conftest.c >&5
configure:4940: $? = 0
configure:4940: result: yes
configure:4940: checking for memory.h
configure:4940: gcc -c -O2 -g -pipe -Wall -Wp,-D_FORTIFY_SOURCE=2 -fexceptions -fstack-protector --param=ssp-buffer-size=4 -Wformat -Wformat-security -fmessage-length=0 -march=armv7-a -mfloat-abi=hard -mfpu=neon -mthumb -Wno-psabi  conftest.c >&5
configure:4940: $? = 0
configure:4940: result: yes
configure:4940: checking for strings.h
configure:4940: gcc -c -O2 -g -pipe -Wall -Wp,-D_FORTIFY_SOURCE=2 -fexceptions -fstack-protector --param=ssp-buffer-size=4 -Wformat -Wformat-security -fmessage-length=0 -march=armv7-a -mfloat-abi=hard -mfpu=neon -mthumb -Wno-psabi  conftest.c >&5
configure:4940: $? = 0
configure:4940: result: yes
configure:4940: checking for inttypes.h
configure:4940: gcc -c -O2 -g -pipe -Wall -Wp,-D_FORTIFY_SOURCE=2 -fexceptions -fstack-protector --param=ssp-buffer-size=4 -Wformat -Wformat-security -fmessage-length=0 -march=armv7-a -mfloat-abi=hard -mfpu=neon -mthumb -Wno-psabi  conftest.c >&5
configure:4940: $? = 0
configure:4940: result: yes
configure:4940: checking for stdint.h
configure:4940: gcc -c -O2 -g -pipe -Wall -Wp,-D_FORTIFY_SOURCE=2 -fexceptions -fstack-protector --param=ssp-buffer-size=4 -Wformat -Wformat-security -fmessage-length=0 -march=armv7-a -mfloat-abi=hard -mfpu=neon -mthumb -Wno-psabi  conftest.c >&5
configure:4940: $? = 0
configure:4940: result: yes
configure:4940: checking for unistd.h
configure:4940: gcc -c -O2 -g -pipe -Wall -Wp,-D_FORTIFY_SOURCE=2 -fexceptions -fstack-protector --param=ssp-buffer-size=4 -Wformat -Wformat-security -fmessage-length=0 -march=armv7-a -mfloat-abi=hard -mfpu=neon -mthumb -Wno-psabi  conftest.c >&5
configure:4940: $? = 0
configure:4940: result: yes
configure:4953: checking minix/config.h usability
configure:4953: gcc -c -O2 -g -pipe -Wall -Wp,-D_FORTIFY_SOURCE=2 -fexceptions -fstack-protector --param=ssp-buffer-size=4 -Wformat -Wformat-security -fmessage-length=0 -march=armv7-a -mfloat-abi=hard -mfpu=neon -mthumb -Wno-psabi  conftest.c >&5
conftest.c:54:26: fatal error: minix/config.h: No such file or directory
 #include <minix/config.h>
                          ^
compilation terminated.
configure:4953: $? = 1
configure: failed program was:
| /* confdefs.h */
| #define PACKAGE_NAME "libhybris"
| #define PACKAGE_TARNAME "libhybris"
| #define PACKAGE_VERSION "0.1.0"
| #define PACKAGE_STRING "libhybris 0.1.0"
| #define PACKAGE_BUGREPORT ""
| #define PACKAGE_URL ""
| #define PACKAGE "libhybris"
| #define VERSION "0.1.0"
| #define STDC_HEADERS 1
| #define HAVE_SYS_TYPES_H 1
| #define HAVE_SYS_STAT_H 1
| #define HAVE_STDLIB_H 1
| #define HAVE_STRING_H 1
| #define HAVE_MEMORY_H 1
| #define HAVE_STRINGS_H 1
| #define HAVE_INTTYPES_H 1
| #define HAVE_STDINT_H 1
| #define HAVE_UNISTD_H 1
| /* end confdefs.h.  */
| #include <stdio.h>
| #ifdef HAVE_SYS_TYPES_H
| # include <sys/types.h>
| #endif
| #ifdef HAVE_SYS_STAT_H
| # include <sys/stat.h>
| #endif
| #ifdef STDC_HEADERS
| # include <stdlib.h>
| # include <stddef.h>
| #else
| # ifdef HAVE_STDLIB_H
| #  include <stdlib.h>
| # endif
| #endif
| #ifdef HAVE_STRING_H
| # if !defined STDC_HEADERS && defined HAVE_MEMORY_H
| #  include <memory.h>
| # endif
| # include <string.h>
| #endif
| #ifdef HAVE_STRINGS_H
| # include <strings.h>
| #endif
| #ifdef HAVE_INTTYPES_H
| # include <inttypes.h>
| #endif
| #ifdef HAVE_STDINT_H
| # include <stdint.h>
| #endif
| #ifdef HAVE_UNISTD_H
| # include <unistd.h>
| #endif
| #include <minix/config.h>
configure:4953: result: no
configure:4953: checking minix/config.h presence
configure:4953: gcc -E  conftest.c
conftest.c:21:26: fatal error: minix/config.h: No such file or directory
 #include <minix/config.h>
                          ^
compilation terminated.
configure:4953: $? = 1
configure: failed program was:
| /* confdefs.h */
| #define PACKAGE_NAME "libhybris"
| #define PACKAGE_TARNAME "libhybris"
| #define PACKAGE_VERSION "0.1.0"
| #define PACKAGE_STRING "libhybris 0.1.0"
| #define PACKAGE_BUGREPORT ""
| #define PACKAGE_URL ""
| #define PACKAGE "libhybris"
| #define VERSION "0.1.0"
| #define STDC_HEADERS 1
| #define HAVE_SYS_TYPES_H 1
| #define HAVE_SYS_STAT_H 1
| #define HAVE_STDLIB_H 1
| #define HAVE_STRING_H 1
| #define HAVE_MEMORY_H 1
| #define HAVE_STRINGS_H 1
| #define HAVE_INTTYPES_H 1
| #define HAVE_STDINT_H 1
| #define HAVE_UNISTD_H 1
| /* end confdefs.h.  */
| #include <minix/config.h>
configure:4953: result: no
configure:4953: checking for minix/config.h
configure:4953: result: no
configure:4974: checking whether it is safe to define __EXTENSIONS__
configure:4992: gcc -c -O2 -g -pipe -Wall -Wp,-D_FORTIFY_SOURCE=2 -fexceptions -fstack-protector --param=ssp-buffer-size=4 -Wformat -Wformat-security -fmessage-length=0 -march=armv7-a -mfloat-abi=hard -mfpu=neon -mthumb -Wno-psabi  conftest.c >&5
configure:4992: $? = 0
configure:4999: result: yes
configure:5074: checking build system type
configure:5088: result: armv7l-unknown-linux-gnueabi
configure:5108: checking host system type
configure:5121: result: armv7l-unknown-linux-gnueabi
configure:5162: checking how to print strings
configure:5189: result: printf
configure:5210: checking for a sed that does not truncate output
configure:5274: result: /bin/sed
configure:5292: checking for fgrep
configure:5354: result: /bin/grep -F
configure:5389: checking for ld used by gcc
configure:5456: result: /usr/bin/ld
configure:5463: checking if the linker (/usr/bin/ld) is GNU ld
configure:5478: result: yes
configure:5490: checking for BSD- or MS-compatible name lister (nm)
configure:5544: result: /usr/bin/nm -B
configure:5674: checking the name lister (/usr/bin/nm -B) interface
configure:5681: gcc -c -O2 -g -pipe -Wall -Wp,-D_FORTIFY_SOURCE=2 -fexceptions -fstack-protector --param=ssp-buffer-size=4 -Wformat -Wformat-security -fmessage-length=0 -march=armv7-a -mfloat-abi=hard -mfpu=neon -mthumb -Wno-psabi  conftest.c >&5
configure:5684: /usr/bin/nm -B "conftest.o"
configure:5687: output
00000000 B some_variable
configure:5694: result: BSD nm
configure:5697: checking whether ln -s works
configure:5701: result: yes
configure:5709: checking the maximum length of command line arguments
configure:5840: result: 1572864
configure:5888: checking how to convert armv7l-unknown-linux-gnueabi file names to armv7l-unknown-linux-gnueabi format
configure:5928: result: func_convert_file_noop
configure:5935: checking how to convert armv7l-unknown-linux-gnueabi file names to toolchain format
configure:5955: result: func_convert_file_noop
configure:5962: checking for /usr/bin/ld option to reload object files
configure:5969: result: -r
configure:6003: checking for armv7l-unknown-linux-gnueabi-objdump
configure:6033: result: no
configure:6043: checking for objdump
configure:6059: found /usr/bin/objdump
configure:6070: result: objdump
configure:6102: checking how to recognize dependent libraries
configure:6302: result: pass_all
configure:6347: checking for armv7l-unknown-linux-gnueabi-dlltool
configure:6377: result: no
configure:6387: checking for dlltool
configure:6417: result: no
configure:6447: checking how to associate runtime and link libraries
configure:6474: result: printf %s\n
configure:6490: checking for armv7l-unknown-linux-gnueabi-ar
configure:6520: result: no
configure:6534: checking for ar
configure:6550: found /usr/bin/ar
configure:6561: result: ar
configure:6598: checking for archiver @FILE support
configure:6615: gcc -c -O2 -g -pipe -Wall -Wp,-D_FORTIFY_SOURCE=2 -fexceptions -fstack-protector --param=ssp-buffer-size=4 -Wformat -Wformat-security -fmessage-length=0 -march=armv7-a -mfloat-abi=hard -mfpu=neon -mthumb -Wno-psabi  conftest.c >&5
configure:6615: $? = 0
configure:6618: ar cru libconftest.a @conftest.lst >&5
/srv/mer/toolings/SailfishOS-latest/opt/cross/bin/armv7hl-meego-linux-gnueabi-ar: `u' modifier ignored since `D' is the default (see `U')
configure:6621: $? = 0
configure:6626: ar cru libconftest.a @conftest.lst >&5
/srv/mer/toolings/SailfishOS-latest/opt/cross/bin/armv7hl-meego-linux-gnueabi-ar: `u' modifier ignored since `D' is the default (see `U')
/srv/mer/toolings/SailfishOS-latest/opt/cross/bin/armv7hl-meego-linux-gnueabi-ar: conftest.o: No such file or directory
configure:6629: $? = 1
configure:6641: result: @
configure:6659: checking for armv7l-unknown-linux-gnueabi-strip
configure:6689: result: no
configure:6699: checking for strip
configure:6715: found /usr/bin/strip
configure:6726: result: strip
configure:6758: checking for armv7l-unknown-linux-gnueabi-ranlib
configure:6788: result: no
configure:6798: checking for ranlib
configure:6814: found /usr/bin/ranlib
configure:6825: result: ranlib
configure:6927: checking command to parse /usr/bin/nm -B output from gcc object
configure:7080: gcc -c -O2 -g -pipe -Wall -Wp,-D_FORTIFY_SOURCE=2 -fexceptions -fstack-protector --param=ssp-buffer-size=4 -Wformat -Wformat-security -fmessage-length=0 -march=armv7-a -mfloat-abi=hard -mfpu=neon -mthumb -Wno-psabi  conftest.c >&5
configure:7083: $? = 0
configure:7087: /usr/bin/nm -B conftest.o \| sed -n -e 's/^.*[ ]\([ABCDGIRSTW][ABCDGIRSTW]*\)[ ][ ]*\([_A-Za-z][_A-Za-z0-9]*\)$/\1 \2 \2/p' | sed '/ __gnu_lto/d' \> conftest.nm
configure:7090: $? = 0
configure:7156: gcc -o conftest -O2 -g -pipe -Wall -Wp,-D_FORTIFY_SOURCE=2 -fexceptions -fstack-protector --param=ssp-buffer-size=4 -Wformat -Wformat-security -fmessage-length=0 -march=armv7-a -mfloat-abi=hard -mfpu=neon -mthumb -Wno-psabi   conftest.c conftstm.o >&5
configure:7159: $? = 0
configure:7197: result: ok
configure:7244: checking for sysroot
configure:7274: result: no
configure:7281: checking for a working dd
configure:7319: result: /bin/dd
configure:7323: checking how to truncate binary pipes
configure:7338: result: /bin/dd bs=4096 count=1
configure:7627: checking for armv7l-unknown-linux-gnueabi-mt
configure:7657: result: no
configure:7667: checking for mt
configure:7697: result: no
configure:7717: checking if : is a manifest tool
configure:7723: : '-?'
configure:7731: result: no
configure:8405: checking for dlfcn.h
configure:8405: gcc -c -O2 -g -pipe -Wall -Wp,-D_FORTIFY_SOURCE=2 -fexceptions -fstack-protector --param=ssp-buffer-size=4 -Wformat -Wformat-security -fmessage-length=0 -march=armv7-a -mfloat-abi=hard -mfpu=neon -mthumb -Wno-psabi  conftest.c >&5
configure:8405: $? = 0
configure:8405: result: yes
configure:8642: checking for objdir
configure:8657: result: .libs
configure:8917: checking if gcc supports -fno-rtti -fno-exceptions
configure:8935: gcc -c -O2 -g -pipe -Wall -Wp,-D_FORTIFY_SOURCE=2 -fexceptions -fstack-protector --param=ssp-buffer-size=4 -Wformat -Wformat-security -fmessage-length=0 -march=armv7-a -mfloat-abi=hard -mfpu=neon -mthumb -Wno-psabi  -fno-rtti -fno-exceptions conftest.c >&5
cc1: warning: command line option '-fno-rtti' is valid for C++/ObjC++ but not for C [enabled by default]
configure:8939: $? = 0
configure:8952: result: no
configure:9310: checking for gcc option to produce PIC
configure:9317: result: -fPIC -DPIC
configure:9325: checking if gcc PIC flag -fPIC -DPIC works
configure:9343: gcc -c -O2 -g -pipe -Wall -Wp,-D_FORTIFY_SOURCE=2 -fexceptions -fstack-protector --param=ssp-buffer-size=4 -Wformat -Wformat-security -fmessage-length=0 -march=armv7-a -mfloat-abi=hard -mfpu=neon -mthumb -Wno-psabi  -fPIC -DPIC -DPIC conftest.c >&5
configure:9347: $? = 0
configure:9360: result: yes
configure:9389: checking if gcc static flag -static works
configure:9417: result: no
configure:9432: checking if gcc supports -c -o file.o
configure:9453: gcc -c -O2 -g -pipe -Wall -Wp,-D_FORTIFY_SOURCE=2 -fexceptions -fstack-protector --param=ssp-buffer-size=4 -Wformat -Wformat-security -fmessage-length=0 -march=armv7-a -mfloat-abi=hard -mfpu=neon -mthumb -Wno-psabi  -o out/conftest2.o conftest.c >&5
configure:9457: $? = 0
configure:9479: result: yes
configure:9487: checking if gcc supports -c -o file.o
configure:9534: result: yes
configure:9567: checking whether the gcc linker (/usr/bin/ld) supports shared libraries
configure:10826: result: yes
configure:10863: checking whether -lc should be explicitly linked in
configure:10871: gcc -c -O2 -g -pipe -Wall -Wp,-D_FORTIFY_SOURCE=2 -fexceptions -fstack-protector --param=ssp-buffer-size=4 -Wformat -Wformat-security -fmessage-length=0 -march=armv7-a -mfloat-abi=hard -mfpu=neon -mthumb -Wno-psabi  conftest.c >&5
configure:10874: $? = 0
configure:10889: gcc -shared  -fPIC -DPIC conftest.o  -v -Wl,-soname -Wl,conftest -o conftest 2\>\&1 \| /bin/grep  -lc  \>/dev/null 2\>\&1
configure:10892: $? = 0
configure:10906: result: no
configure:11066: checking dynamic linker characteristics
configure:11647: gcc -o conftest -O2 -g -pipe -Wall -Wp,-D_FORTIFY_SOURCE=2 -fexceptions -fstack-protector --param=ssp-buffer-size=4 -Wformat -Wformat-security -fmessage-length=0 -march=armv7-a -mfloat-abi=hard -mfpu=neon -mthumb -Wno-psabi   -Wl,-rpath -Wl,/foo conftest.c  >&5
configure:11647: $? = 0
configure:11884: result: GNU/Linux ld.so
configure:12006: checking how to hardcode library paths into programs
configure:12031: result: immediate
configure:12579: checking whether stripping libraries is possible
configure:12584: result: yes
configure:12619: checking if libtool supports shared libraries
configure:12621: result: yes
configure:12624: checking whether to build shared libraries
configure:12649: result: yes
configure:12652: checking whether to build static libraries
configure:12656: result: no
configure:12679: checking how to run the C++ preprocessor
configure:12706: g++ -E  conftest.cpp
configure:12706: $? = 0
configure:12720: g++ -E  conftest.cpp
conftest.cpp:28:28: fatal error: ac_nonexistent.h: No such file or directory
 #include <ac_nonexistent.h>
                            ^
compilation terminated.
configure:12720: $? = 1
configure: failed program was:
| /* confdefs.h */
| #define PACKAGE_NAME "libhybris"
| #define PACKAGE_TARNAME "libhybris"
| #define PACKAGE_VERSION "0.1.0"
| #define PACKAGE_STRING "libhybris 0.1.0"
| #define PACKAGE_BUGREPORT ""
| #define PACKAGE_URL ""
| #define PACKAGE "libhybris"
| #define VERSION "0.1.0"
| #define STDC_HEADERS 1
| #define HAVE_SYS_TYPES_H 1
| #define HAVE_SYS_STAT_H 1
| #define HAVE_STDLIB_H 1
| #define HAVE_STRING_H 1
| #define HAVE_MEMORY_H 1
| #define HAVE_STRINGS_H 1
| #define HAVE_INTTYPES_H 1
| #define HAVE_STDINT_H 1
| #define HAVE_UNISTD_H 1
| #define __EXTENSIONS__ 1
| #define _ALL_SOURCE 1
| #define _GNU_SOURCE 1
| #define _POSIX_PTHREAD_SEMANTICS 1
| #define _TANDEM_SOURCE 1
| #define HAVE_DLFCN_H 1
| #define LT_OBJDIR ".libs/"
| /* end confdefs.h.  */
| #include <ac_nonexistent.h>
configure:12745: result: g++ -E
configure:12765: g++ -E  conftest.cpp
configure:12765: $? = 0
configure:12779: g++ -E  conftest.cpp
conftest.cpp:28:28: fatal error: ac_nonexistent.h: No such file or directory
 #include <ac_nonexistent.h>
                            ^
compilation terminated.
configure:12779: $? = 1
configure: failed program was:
| /* confdefs.h */
| #define PACKAGE_NAME "libhybris"
| #define PACKAGE_TARNAME "libhybris"
| #define PACKAGE_VERSION "0.1.0"
| #define PACKAGE_STRING "libhybris 0.1.0"
| #define PACKAGE_BUGREPORT ""
| #define PACKAGE_URL ""
| #define PACKAGE "libhybris"
| #define VERSION "0.1.0"
| #define STDC_HEADERS 1
| #define HAVE_SYS_TYPES_H 1
| #define HAVE_SYS_STAT_H 1
| #define HAVE_STDLIB_H 1
| #define HAVE_STRING_H 1
| #define HAVE_MEMORY_H 1
| #define HAVE_STRINGS_H 1
| #define HAVE_INTTYPES_H 1
| #define HAVE_STDINT_H 1
| #define HAVE_UNISTD_H 1
| #define __EXTENSIONS__ 1
| #define _ALL_SOURCE 1
| #define _GNU_SOURCE 1
| #define _POSIX_PTHREAD_SEMANTICS 1
| #define _TANDEM_SOURCE 1
| #define HAVE_DLFCN_H 1
| #define LT_OBJDIR ".libs/"
| /* end confdefs.h.  */
| #include <ac_nonexistent.h>
configure:12941: checking for ld used by g++
configure:13008: result: /usr/bin/ld
configure:13015: checking if the linker (/usr/bin/ld) is GNU ld
configure:13030: result: yes
configure:13085: checking whether the g++ linker (/usr/bin/ld) supports shared libraries
configure:14158: result: yes
configure:14194: g++ -c -O2 -g -pipe -Wall -Wp,-D_FORTIFY_SOURCE=2 -fexceptions -fstack-protector --param=ssp-buffer-size=4 -Wformat -Wformat-security -fmessage-length=0 -march=armv7-a -mfloat-abi=hard -mfpu=neon -mthumb -Wno-psabi  conftest.cpp >&5
configure:14197: $? = 0
configure:14678: checking for g++ option to produce PIC
configure:14685: result: -fPIC -DPIC
configure:14693: checking if g++ PIC flag -fPIC -DPIC works
configure:14711: g++ -c -O2 -g -pipe -Wall -Wp,-D_FORTIFY_SOURCE=2 -fexceptions -fstack-protector --param=ssp-buffer-size=4 -Wformat -Wformat-security -fmessage-length=0 -march=armv7-a -mfloat-abi=hard -mfpu=neon -mthumb -Wno-psabi  -fPIC -DPIC -DPIC conftest.cpp >&5
configure:14715: $? = 0
configure:14728: result: yes
configure:14751: checking if g++ static flag -static works
configure:14779: result: no
configure:14791: checking if g++ supports -c -o file.o
configure:14812: g++ -c -O2 -g -pipe -Wall -Wp,-D_FORTIFY_SOURCE=2 -fexceptions -fstack-protector --param=ssp-buffer-size=4 -Wformat -Wformat-security -fmessage-length=0 -march=armv7-a -mfloat-abi=hard -mfpu=neon -mthumb -Wno-psabi  -o out/conftest2.o conftest.cpp >&5
configure:14816: $? = 0
configure:14838: result: yes
configure:14843: checking if g++ supports -c -o file.o
configure:14890: result: yes
configure:14920: checking whether the g++ linker (/usr/bin/ld) supports shared libraries
configure:14960: result: yes
configure:15101: checking dynamic linker characteristics
configure:15846: result: GNU/Linux ld.so
configure:15911: checking how to hardcode library paths into programs
configure:15936: result: immediate
configure:16013: checking for armv7l-unknown-linux-gnueabi-pkg-config
configure:16046: result: no
configure:16056: checking for pkg-config
configure:16074: found /usr/bin/pkg-config
configure:16086: result: /usr/bin/pkg-config
configure:16111: checking pkg-config is at least version 0.9.0
configure:16114: result: yes
configure:16130: checking for dlopen in -ldl
configure:16155: gcc -o conftest -O2 -g -pipe -Wall -Wp,-D_FORTIFY_SOURCE=2 -fexceptions -fstack-protector --param=ssp-buffer-size=4 -Wformat -Wformat-security -fmessage-length=0 -march=armv7-a -mfloat-abi=hard -mfpu=neon -mthumb -Wno-psabi   conftest.c -ldl   >&5
configure:16155: $? = 0
configure:16164: result: yes
configure:16172: checking for clock_gettime in -lrt
configure:16197: gcc -o conftest -O2 -g -pipe -Wall -Wp,-D_FORTIFY_SOURCE=2 -fexceptions -fstack-protector --param=ssp-buffer-size=4 -Wformat -Wformat-security -fmessage-length=0 -march=armv7-a -mfloat-abi=hard -mfpu=neon -mthumb -Wno-psabi   conftest.c -lrt   >&5
configure:16197: $? = 0
configure:16206: result: yes
configure:16316: checking for WAYLAND_CLIENT
configure:16323: $PKG_CONFIG --exists --print-errors "wayland-client"
configure:16326: $? = 0
configure:16340: $PKG_CONFIG --exists --print-errors "wayland-client"
configure:16343: $? = 0
configure:16381: result: yes
configure:16387: checking for WAYLAND_SERVER
configure:16394: $PKG_CONFIG --exists --print-errors "wayland-server"
configure:16397: $? = 0
configure:16411: $PKG_CONFIG --exists --print-errors "wayland-server"
configure:16414: $? = 0
configure:16452: result: yes
configure:16460: checking for wayland-scanner
configure:16478: found /usr/bin/wayland-scanner
configure:16490: result: /usr/bin/wayland-scanner
configure:16748: checking android-config.h usability
configure:16748: gcc -c -O2 -g -pipe -Wall -Wp,-D_FORTIFY_SOURCE=2 -fexceptions -fstack-protector --param=ssp-buffer-size=4 -Wformat -Wformat-security -fmessage-length=0 -march=armv7-a -mfloat-abi=hard -mfpu=neon -mthumb -Wno-psabi  -I/usr/lib/droid-devel/droid-headers -I/usr/lib/droid-devel/droid-headers/libnfc-nxp conftest.c >&5
configure:16748: $? = 0
configure:16748: result: yes
configure:16748: checking android-config.h presence
configure:16748: gcc -E  -I/usr/lib/droid-devel/droid-headers -I/usr/lib/droid-devel/droid-headers/libnfc-nxp conftest.c
configure:16748: $? = 0
configure:16748: result: yes
configure:16748: checking for android-config.h
configure:16748: result: yes
configure:16762: checking android-version.h usability
configure:16762: gcc -c -O2 -g -pipe -Wall -Wp,-D_FORTIFY_SOURCE=2 -fexceptions -fstack-protector --param=ssp-buffer-size=4 -Wformat -Wformat-security -fmessage-length=0 -march=armv7-a -mfloat-abi=hard -mfpu=neon -mthumb -Wno-psabi  -I/usr/lib/droid-devel/droid-headers -I/usr/lib/droid-devel/droid-headers/libnfc-nxp conftest.c >&5
configure:16762: $? = 0
configure:16762: result: yes
configure:16762: checking android-version.h presence
configure:16762: gcc -E  -I/usr/lib/droid-devel/droid-headers -I/usr/lib/droid-devel/droid-headers/libnfc-nxp conftest.c
configure:16762: $? = 0
configure:16762: result: yes
configure:16762: checking for android-version.h
configure:16762: result: yes
configure:16835: "Android headers version is 7.1.2.2"
configure:16845: "Android headers version is 7.1.2"
configure:17062: checking that generated files are newer than configure
configure:17068: result: done
configure:17199: creating ./config.status

## ---------------------- ##
## Running config.status. ##
## ---------------------- ##

This file was extended by libhybris config.status 0.1.0, which was
generated by GNU Autoconf 2.69.  Invocation command line was

  CONFIG_FILES    = 
  CONFIG_HEADERS  = 
  CONFIG_LINKS    = 
  CONFIG_COMMANDS = 
  $ ./config.status 

on aosp.ro.lt

config.status:1270: creating Makefile
config.status:1270: creating properties/Makefile
config.status:1270: creating properties/libandroid-properties.pc
config.status:1270: creating camera/Makefile
config.status:1270: creating camera/libcamera.pc
config.status:1270: creating common/Makefile
config.status:1270: creating common/jb/Makefile
config.status:1270: creating common/stub/Makefile
config.status:1270: creating common/mm/Makefile
config.status:1270: creating common/n/Makefile
config.status:1270: creating egl/egl.pc
config.status:1270: creating egl/Makefile
config.status:1270: creating egl/platforms/Makefile
config.status:1270: creating egl/platforms/common/Makefile
config.status:1270: creating egl/platforms/common/hybris-egl-platform.pc
config.status:1270: creating egl/platforms/null/Makefile
config.status:1270: creating egl/platforms/fbdev/Makefile
config.status:1270: creating egl/platforms/wayland/Makefile
config.status:1270: creating egl/platforms/hwcomposer/Makefile
config.status:1270: creating egl/platforms/hwcomposer/hwcomposer-egl.pc
config.status:1270: creating glesv1/glesv1_cm.pc
config.status:1270: creating glesv1/Makefile
config.status:1270: creating glesv2/glesv2.pc
config.status:1270: creating glesv2/Makefile
config.status:1270: creating hardware/Makefile
config.status:1270: creating hardware/libhardware.pc
config.status:1270: creating libnfc_nxp/Makefile
config.status:1270: creating libnfc_nxp/libnfc_nxp.pc
config.status:1270: creating libnfc_ndef_nxp/Makefile
config.status:1270: creating libnfc_ndef_nxp/libnfc_ndef_nxp.pc
config.status:1270: creating libsync/Makefile
config.status:1270: creating libsync/libsync.pc
config.status:1270: creating vibrator/Makefile
config.status:1270: creating vibrator/libvibrator.pc
config.status:1270: creating media/Makefile
config.status:1270: creating media/libmedia.pc
config.status:1270: creating wifi/Makefile
config.status:1270: creating wifi/libwifi.pc
config.status:1270: creating include/Makefile
config.status:1270: creating input/Makefile
config.status:1270: creating input/libis.pc
config.status:1270: creating ui/Makefile
config.status:1270: creating utils/Makefile
config.status:1270: creating sf/Makefile
config.status:1270: creating sf/libsf.pc
config.status:1270: creating tests/Makefile
config.status:1270: creating egl/platforms/common/wayland-egl.pc
config.status:1270: creating config.h
config.status:1451: config.h is unchanged
config.status:1499: executing depfiles commands
config.status:1499: executing libtool commands
configure:19648: WARNING: unrecognized options: --enable-initialize-bionic, --with-mode

## ---------------- ##
## Cache variables. ##
## ---------------- ##

ac_cv_build=armv7l-unknown-linux-gnueabi
ac_cv_c_compiler_gnu=yes
ac_cv_cxx_compiler_gnu=yes
ac_cv_env_ANDROID_HEADERS_CFLAGS_set=
ac_cv_env_ANDROID_HEADERS_CFLAGS_value=
ac_cv_env_ANDROID_HEADERS_LIBS_set=
ac_cv_env_ANDROID_HEADERS_LIBS_value=
ac_cv_env_CCC_set=
ac_cv_env_CCC_value=
ac_cv_env_CC_set=
ac_cv_env_CC_value=
ac_cv_env_CFLAGS_set=set
ac_cv_env_CFLAGS_value='-O2 -g -pipe -Wall -Wp,-D_FORTIFY_SOURCE=2 -fexceptions -fstack-protector --param=ssp-buffer-size=4 -Wformat -Wformat-security -fmessage-length=0 -march=armv7-a -mfloat-abi=hard -mfpu=neon -mthumb -Wno-psabi'
ac_cv_env_CPPFLAGS_set=
ac_cv_env_CPPFLAGS_value=
ac_cv_env_CPP_set=
ac_cv_env_CPP_value=
ac_cv_env_CXXCPP_set=
ac_cv_env_CXXCPP_value=
ac_cv_env_CXXFLAGS_set=set
ac_cv_env_CXXFLAGS_value='-O2 -g -pipe -Wall -Wp,-D_FORTIFY_SOURCE=2 -fexceptions -fstack-protector --param=ssp-buffer-size=4 -Wformat -Wformat-security -fmessage-length=0 -march=armv7-a -mfloat-abi=hard -mfpu=neon -mthumb -Wno-psabi'
ac_cv_env_CXX_set=
ac_cv_env_CXX_value=
ac_cv_env_LDFLAGS_set=
ac_cv_env_LDFLAGS_value=
ac_cv_env_LIBS_set=
ac_cv_env_LIBS_value=
ac_cv_env_LT_SYS_LIBRARY_PATH_set=
ac_cv_env_LT_SYS_LIBRARY_PATH_value=
ac_cv_env_PKG_CONFIG_LIBDIR_set=
ac_cv_env_PKG_CONFIG_LIBDIR_value=
ac_cv_env_PKG_CONFIG_PATH_set=set
ac_cv_env_PKG_CONFIG_PATH_value=/usr/lib/pkgconfig:/usr/share/pkgconfig
ac_cv_env_PKG_CONFIG_set=
ac_cv_env_PKG_CONFIG_value=
ac_cv_env_WAYLAND_CLIENT_CFLAGS_set=
ac_cv_env_WAYLAND_CLIENT_CFLAGS_value=
ac_cv_env_WAYLAND_CLIENT_LIBS_set=
ac_cv_env_WAYLAND_CLIENT_LIBS_value=
ac_cv_env_WAYLAND_SERVER_CFLAGS_set=
ac_cv_env_WAYLAND_SERVER_CFLAGS_value=
ac_cv_env_WAYLAND_SERVER_LIBS_set=
ac_cv_env_WAYLAND_SERVER_LIBS_value=
ac_cv_env_build_alias_set=set
ac_cv_env_build_alias_value=armv7l-unknown-linux-gnueabi
ac_cv_env_host_alias_set=set
ac_cv_env_host_alias_value=armv7l-unknown-linux-gnueabi
ac_cv_env_target_alias_set=set
ac_cv_env_target_alias_value=armv7hl-meego-linux-gnueabi
ac_cv_header_android_config_h=yes
ac_cv_header_android_version_h=yes
ac_cv_header_dlfcn_h=yes
ac_cv_header_inttypes_h=yes
ac_cv_header_memory_h=yes
ac_cv_header_minix_config_h=no
ac_cv_header_stdc=yes
ac_cv_header_stdint_h=yes
ac_cv_header_stdlib_h=yes
ac_cv_header_string_h=yes
ac_cv_header_strings_h=yes
ac_cv_header_sys_stat_h=yes
ac_cv_header_sys_types_h=yes
ac_cv_header_unistd_h=yes
ac_cv_host=armv7l-unknown-linux-gnueabi
ac_cv_lib_dl_dlopen=yes
ac_cv_lib_rt_clock_gettime=yes
ac_cv_objext=o
ac_cv_path_EGREP='/bin/grep -E'
ac_cv_path_FGREP='/bin/grep -F'
ac_cv_path_GREP=/bin/grep
ac_cv_path_SED=/bin/sed
ac_cv_path_WAYLAND_SCANNER=/usr/bin/wayland-scanner
ac_cv_path_ac_pt_PKG_CONFIG=/usr/bin/pkg-config
ac_cv_path_install='/usr/bin/install -c'
ac_cv_path_lt_DD=/bin/dd
ac_cv_path_mkdir=/bin/mkdir
ac_cv_prog_AWK=gawk
ac_cv_prog_CPP='gcc -E'
ac_cv_prog_CXXCPP='g++ -E'
ac_cv_prog_ac_ct_AR=ar
ac_cv_prog_ac_ct_CC=gcc
ac_cv_prog_ac_ct_CXX=g++
ac_cv_prog_ac_ct_OBJDUMP=objdump
ac_cv_prog_ac_ct_RANLIB=ranlib
ac_cv_prog_ac_ct_STRIP=strip
ac_cv_prog_cc_c89=
ac_cv_prog_cc_g=yes
ac_cv_prog_cxx_g=yes
ac_cv_prog_make_make_set=yes
ac_cv_safe_to_define___extensions__=yes
am_cv_CC_dependencies_compiler_type=gcc3
am_cv_CXX_dependencies_compiler_type=gcc3
am_cv_make_support_nested_variables=yes
am_cv_prog_cc_c_o=yes
lt_cv_ar_at_file=@
lt_cv_archive_cmds_need_lc=no
lt_cv_deplibs_check_method=pass_all
lt_cv_file_magic_cmd='$MAGIC_CMD'
lt_cv_file_magic_test_file=
lt_cv_ld_reload_flag=-r
lt_cv_nm_interface='BSD nm'
lt_cv_objdir=.libs
lt_cv_path_LD=/usr/bin/ld
lt_cv_path_LDCXX=/usr/bin/ld
lt_cv_path_NM='/usr/bin/nm -B'
lt_cv_path_mainfest_tool=no
lt_cv_prog_compiler_c_o=yes
lt_cv_prog_compiler_c_o_CXX=yes
lt_cv_prog_compiler_pic='-fPIC -DPIC'
lt_cv_prog_compiler_pic_CXX='-fPIC -DPIC'
lt_cv_prog_compiler_pic_works=yes
lt_cv_prog_compiler_pic_works_CXX=yes
lt_cv_prog_compiler_rtti_exceptions=no
lt_cv_prog_compiler_static_works=no
lt_cv_prog_compiler_static_works_CXX=no
lt_cv_prog_gnu_ld=yes
lt_cv_prog_gnu_ldcxx=yes
lt_cv_sharedlib_from_linklib_cmd='printf %s\n'
lt_cv_shlibpath_overrides_runpath=no
lt_cv_sys_global_symbol_pipe='sed -n -e '\''s/^.*[	 ]\([ABCDGIRSTW][ABCDGIRSTW]*\)[	 ][	 ]*\([_A-Za-z][_A-Za-z0-9]*\)$/\1 \2 \2/p'\'' | sed '\''/ __gnu_lto/d'\'''
lt_cv_sys_global_symbol_to_c_name_address='sed -n -e '\''s/^: \(.*\) .*$/  {"\1", (void *) 0},/p'\'' -e '\''s/^[ABCDGIRSTW][ABCDGIRSTW]* .* \(.*\)$/  {"\1", (void *) \&\1},/p'\'''
lt_cv_sys_global_symbol_to_c_name_address_lib_prefix='sed -n -e '\''s/^: \(.*\) .*$/  {"\1", (void *) 0},/p'\'' -e '\''s/^[ABCDGIRSTW][ABCDGIRSTW]* .* \(lib.*\)$/  {"\1", (void *) \&\1},/p'\'' -e '\''s/^[ABCDGIRSTW][ABCDGIRSTW]* .* \(.*\)$/  {"lib\1", (void *) \&\1},/p'\'''
lt_cv_sys_global_symbol_to_cdecl='sed -n -e '\''s/^T .* \(.*\)$/extern int \1();/p'\'' -e '\''s/^[ABCDGIRSTW][ABCDGIRSTW]* .* \(.*\)$/extern char \1;/p'\'''
lt_cv_sys_global_symbol_to_import=
lt_cv_sys_max_cmd_len=1572864
lt_cv_to_host_file_cmd=func_convert_file_noop
lt_cv_to_tool_file_cmd=func_convert_file_noop
lt_cv_truncate_bin='/bin/dd bs=4096 count=1'
pkg_cv_WAYLAND_CLIENT_CFLAGS=' '
pkg_cv_WAYLAND_CLIENT_LIBS='-lwayland-client  '
pkg_cv_WAYLAND_SERVER_CFLAGS=' '
pkg_cv_WAYLAND_SERVER_LIBS='-lwayland-server  '

## ----------------- ##
## Output variables. ##
## ----------------- ##

ACLOCAL='${SHELL} /home/sf/hadk/hybris/mw/libhybris/hybris/missing aclocal-1.15'
AMDEPBACKSLASH='\'
AMDEP_FALSE='#'
AMDEP_TRUE=''
AMTAR='$${TAR-tar}'
AM_BACKSLASH='\'
AM_DEFAULT_V='$(AM_DEFAULT_VERBOSITY)'
AM_DEFAULT_VERBOSITY='0'
AM_V='$(V)'
ANDROID_HEADERS_CFLAGS='-I/usr/lib/droid-devel/droid-headers -I/usr/lib/droid-devel/droid-headers/libnfc-nxp'
ANDROID_HEADERS_LIBS=''
ANDROID_VERSION_MAJOR='7'
ANDROID_VERSION_MINOR='1'
ANDROID_VERSION_PATCH='2'
AR='ar'
AUTOCONF='${SHELL} /home/sf/hadk/hybris/mw/libhybris/hybris/missing autoconf'
AUTOHEADER='${SHELL} /home/sf/hadk/hybris/mw/libhybris/hybris/missing autoheader'
AUTOMAKE='${SHELL} /home/sf/hadk/hybris/mw/libhybris/hybris/missing automake-1.15'
AWK='gawk'
CC='gcc'
CCDEPMODE='depmode=gcc3'
CFLAGS='-O2 -g -pipe -Wall -Wp,-D_FORTIFY_SOURCE=2 -fexceptions -fstack-protector --param=ssp-buffer-size=4 -Wformat -Wformat-security -fmessage-length=0 -march=armv7-a -mfloat-abi=hard -mfpu=neon -mthumb -Wno-psabi'
CPP='gcc -E'
CPPFLAGS=' -I/usr/lib/droid-devel/droid-headers -I/usr/lib/droid-devel/droid-headers/libnfc-nxp'
CXX='g++'
CXXCPP='g++ -E'
CXXDEPMODE='depmode=gcc3'
CXXFLAGS='-O2 -g -pipe -Wall -Wp,-D_FORTIFY_SOURCE=2 -fexceptions -fstack-protector --param=ssp-buffer-size=4 -Wformat -Wformat-security -fmessage-length=0 -march=armv7-a -mfloat-abi=hard -mfpu=neon -mthumb -Wno-psabi'
CYGPATH_W='echo'
DEFAULT_EGL_PLATFORM='null'
DEFAULT_HYBRIS_LD_LIBRARY_PATH='/usr/libexec/droid-hybris/system/lib:/vendor/lib:/system/lib:/odm/lib'
DEFS='-DHAVE_CONFIG_H'
DEPDIR='.deps'
DLLTOOL='false'
DSYMUTIL=''
DUMPBIN=''
ECHO_C=''
ECHO_N='-n'
ECHO_T=''
EGREP='/bin/grep -E'
EXEEXT=''
FGREP='/bin/grep -F'
GREP='/bin/grep'
HAS_ANDROID_2_3_0_FALSE=''
HAS_ANDROID_2_3_0_TRUE='#'
HAS_ANDROID_4_0_0_FALSE='#'
HAS_ANDROID_4_0_0_TRUE=''
HAS_ANDROID_4_0_3_FALSE=''
HAS_ANDROID_4_0_3_TRUE='#'
HAS_ANDROID_4_1_0_FALSE='#'
HAS_ANDROID_4_1_0_TRUE=''
HAS_ANDROID_4_2_0_FALSE=''
HAS_ANDROID_4_2_0_TRUE='#'
HAS_ANDROID_5_0_0_FALSE='#'
HAS_ANDROID_5_0_0_TRUE=''
HAS_ANDROID_6_0_0_FALSE='#'
HAS_ANDROID_6_0_0_TRUE=''
HAS_ANDROID_7_0_0_FALSE='#'
HAS_ANDROID_7_0_0_TRUE=''
HAS_LIBNFC_NXP_HEADERS_FALSE='#'
HAS_LIBNFC_NXP_HEADERS_TRUE=''
INSTALL_DATA='${INSTALL} -m 644'
INSTALL_PROGRAM='${INSTALL}'
INSTALL_SCRIPT='${INSTALL}'
INSTALL_STRIP_PROGRAM='$(install_sh) -c -s'
LD='/usr/bin/ld'
LDFLAGS=''
LIBOBJS=''
LIBS=''
LIBTOOL='$(SHELL) $(top_builddir)/libtool'
LIPO=''
LN_S='ln -s'
LTLIBOBJS=''
LT_AGE='0'
LT_CURRENT='1'
LT_REVISION='0'
LT_SYS_LIBRARY_PATH=''
MAKEINFO='${SHELL} /home/sf/hadk/hybris/mw/libhybris/hybris/missing makeinfo'
MANIFEST_TOOL=':'
MKDIR_P='/bin/mkdir -p'
NM='/usr/bin/nm -B'
NMEDIT=''
OBJDUMP='objdump'
OBJEXT='o'
OTOOL64=''
OTOOL=''
PACKAGE='libhybris'
PACKAGE_BUGREPORT=''
PACKAGE_NAME='libhybris'
PACKAGE_STRING='libhybris 0.1.0'
PACKAGE_TARNAME='libhybris'
PACKAGE_URL=''
PACKAGE_VERSION='0.1.0'
PATH_SEPARATOR=':'
PKG_CONFIG='/usr/bin/pkg-config'
PKG_CONFIG_LIBDIR=''
PKG_CONFIG_PATH='/usr/lib/pkgconfig:/usr/share/pkgconfig'
RANLIB='ranlib'
SED='/bin/sed'
SET_MAKE=''
SHELL='/bin/sh'
STRIP='strip'
VERSION='0.1.0'
WANT_ADRENO_QUIRKS_FALSE='#'
WANT_ADRENO_QUIRKS_TRUE=''
WANT_ARCH_ARM64_FALSE=''
WANT_ARCH_ARM64_TRUE='#'
WANT_ARCH_ARM_FALSE='#'
WANT_ARCH_ARM_TRUE=''
WANT_ARCH_X86_64_FALSE=''
WANT_ARCH_X86_64_TRUE='#'
WANT_ARCH_X86_FALSE=''
WANT_ARCH_X86_TRUE='#'
WANT_ARM_TRACING_FALSE=''
WANT_ARM_TRACING_TRUE='#'
WANT_DEBUG_FALSE='#'
WANT_DEBUG_TRUE=''
WANT_EXPERIMENTAL_FALSE='#'
WANT_EXPERIMENTAL_TRUE=''
WANT_MALI_QUIRKS_FALSE='#'
WANT_MALI_QUIRKS_TRUE=''
WANT_MESA_FALSE=''
WANT_MESA_TRUE='#'
WANT_RUNTIME_PROPERTY_CACHE_FALSE='#'
WANT_RUNTIME_PROPERTY_CACHE_TRUE=''
WANT_STUB_LINKER_FALSE=''
WANT_STUB_LINKER_TRUE='#'
WANT_TRACE_FALSE='#'
WANT_TRACE_TRUE=''
WANT_UBUNTU_LINKER_OVERRIDES_FALSE=''
WANT_UBUNTU_LINKER_OVERRIDES_TRUE='#'
WANT_WAYLAND_FALSE='#'
WANT_WAYLAND_TRUE=''
WANT_WL_SERVERSIDE_BUFFERS_FALSE='#'
WANT_WL_SERVERSIDE_BUFFERS_TRUE=''
WAYLAND_CLIENT_CFLAGS=' '
WAYLAND_CLIENT_LIBS='-lwayland-client  '
WAYLAND_SCANNER='/usr/bin/wayland-scanner'
WAYLAND_SERVER_CFLAGS=' '
WAYLAND_SERVER_LIBS='-lwayland-server  '
ac_ct_AR='ar'
ac_ct_CC='gcc'
ac_ct_CXX='g++'
ac_ct_DUMPBIN=''
am__EXEEXT_FALSE=''
am__EXEEXT_TRUE='#'
am__fastdepCC_FALSE='#'
am__fastdepCC_TRUE=''
am__fastdepCXX_FALSE='#'
am__fastdepCXX_TRUE=''
am__include='include'
am__isrc=''
am__leading_dot='.'
am__nodep='_no'
am__quote=''
am__tar='$${TAR-tar} chof - "$$tardir"'
am__untar='$${TAR-tar} xf -'
bindir='/usr/bin'
build='armv7l-unknown-linux-gnueabi'
build_alias='armv7l-unknown-linux-gnueabi'
build_cpu='armv7l'
build_os='linux-gnueabi'
build_vendor='unknown'
datadir='/usr/share'
datarootdir='${prefix}/share'
docdir='${datarootdir}/doc/${PACKAGE_TARNAME}'
dvidir='${docdir}'
exec_prefix='/usr'
host='armv7l-unknown-linux-gnueabi'
host_alias='armv7l-unknown-linux-gnueabi'
host_cpu='armv7l'
host_os='linux-gnueabi'
host_vendor='unknown'
htmldir='${docdir}'
includedir='/usr/include'
infodir='/usr/share/info'
install_sh='${SHELL} /home/sf/hadk/hybris/mw/libhybris/hybris/install-sh'
libdir='/usr/lib'
libexecdir='/usr/libexec'
localedir='${datarootdir}/locale'
localstatedir='/var'
mandir='/usr/share/man'
mkdir_p='$(MKDIR_P)'
oldincludedir='/usr/include'
pdfdir='${docdir}'
prefix='/usr'
program_transform_name='s&^&&'
psdir='${docdir}'
sbindir='/usr/sbin'
sharedstatedir='/var/lib'
sysconfdir='/etc'
target_alias='armv7hl-meego-linux-gnueabi'

## ----------- ##
## confdefs.h. ##
## ----------- ##

/* confdefs.h */
#define PACKAGE_NAME "libhybris"
#define PACKAGE_TARNAME "libhybris"
#define PACKAGE_VERSION "0.1.0"
#define PACKAGE_STRING "libhybris 0.1.0"
#define PACKAGE_BUGREPORT ""
#define PACKAGE_URL ""
#define PACKAGE "libhybris"
#define VERSION "0.1.0"
#define STDC_HEADERS 1
#define HAVE_SYS_TYPES_H 1
#define HAVE_SYS_STAT_H 1
#define HAVE_STDLIB_H 1
#define HAVE_STRING_H 1
#define HAVE_MEMORY_H 1
#define HAVE_STRINGS_H 1
#define HAVE_INTTYPES_H 1
#define HAVE_STDINT_H 1
#define HAVE_UNISTD_H 1
#define __EXTENSIONS__ 1
#define _ALL_SOURCE 1
#define _GNU_SOURCE 1
#define _POSIX_PTHREAD_SEMANTICS 1
#define _TANDEM_SOURCE 1
#define HAVE_DLFCN_H 1
#define LT_OBJDIR ".libs/"
#define WANT_WAYLAND /**/
#define HAVE_ANDROID_CONFIG_H 1
#define HAVE_ANDROID_VERSION_H 1

configure: exit 0
